1703768648790	geckodriver	INFO	Listening on 127.0.0.1:51798
1703768651828	mozrunner::runner	INFO	Running command: "C:\\Users\\Archimedis Digital\\.cache\\selenium\\firefox\\win64\\121.0\\firefox.exe" "--marionette" "--remo ... "--remote-allow-hosts" "localhost" "-no-remote" "-profile" "C:\\Users\\ARCHIM~1\\AppData\\Local\\Temp\\rust_mozprofilemrucIJ"
console.warn: services.settings: Ignoring preference override of remote settings server
console.warn: services.settings: Allow by setting MOZ_REMOTE_SETTINGS_DEVTOOLS=1 in the environment
1703768652185	Marionette	INFO	Marionette enabled
Dynamically enable window occlusion 0
1703768652282	Marionette	INFO	Listening on port 51806
Read port: 51806
WebDriver BiDi listening on ws://127.0.0.1:51799
1703768652363	RemoteAgent	WARN	TLS certificate errors will be ignored for this session
DevTools listening on ws://127.0.0.1:51799/devtools/browser/fc412b82-8cf3-42f4-9190-b5c04f570be8
JavaScript error: https://www.globalsqa.com/wp-content/themes/Savia/js/jquery.jqzoom-core.js?ver=6.4.2, line 23: TypeError: $.browser is undefined
JavaScript error: https://pagead2.googlesyndication.com/pagead/js/adsbygoogle.js, line 89: TagError: adsbygoogle.push() error: Only one 'enable_page_level_ads' allowed per page.
JavaScript error: https://www.globalsqa.com/wp-content/themes/Savia/js/jquery.smoothscroll.js?ver=6.4.2, line 430: TypeError: $.browser is undefined
JavaScript error: https://www.globalsqa.com/wp-content/themes/Savia/js/jquery.jqzoom-core.js?ver=6.4.2, line 23: TypeError: $.browser is undefined
JavaScript error: https://pagead2.googlesyndication.com/pagead/js/adsbygoogle.js, line 89: TagError: adsbygoogle.push() error: Only one 'enable_page_level_ads' allowed per page.
JavaScript error: https://www.globalsqa.com/wp-content/themes/Savia/js/libs.js?ver=6.4.2, line 398: TypeError: g.browser is undefined
JavaScript error: https://www.globalsqa.com/wp-content/themes/Savia/js/jquery.smoothscroll.js?ver=6.4.2, line 430: TypeError: $.browser is undefined
JavaScript error: , line 0: uncaught exception: undefined
JavaScript error: https://www.globalsqa.com/wp-content/themes/Savia/js/jquery.jqzoom-core.js?ver=6.4.2, line 23: TypeError: $.browser is undefined
JavaScript error: https://pagead2.googlesyndication.com/pagead/js/adsbygoogle.js, line 89: TagError: adsbygoogle.push() error: Only one 'enable_page_level_ads' allowed per page.
JavaScript error: https://www.globalsqa.com/wp-content/themes/Savia/js/jquery.smoothscroll.js?ver=6.4.2, line 430: TypeError: $.browser is undefined
JavaScript warning: https://pagead2.googlesyndication.com/bg/Dtt_-LR3WxpzwV0Gscftq1A_D1owstvxoTnWWhwY4Ow.js line 2 > eval line 4954 > eval line 1 > eval line 1 > eval, line 1: WEBGL_debug_renderer_info is deprecated in Firefox and will be removed. Please use RENDERER.
1703768660412	Marionette	INFO	Stopped listening on port 51806
JavaScript warning: https://www.globalsqa.com/wp-content/plugins/animate/js/app.js?ver=0.5, line 1: Script terminated by timeout at:
f/<@https://www.globalsqa.com/wp-content/plugins/animate/js/app.js?ver=0.5:1:58

Dynamically enable window occlusion 1
JavaScript error: , line 0: TypeError: NetworkError when attempting to fetch resource.
JavaScript error: , line 0: TypeError: NetworkError when attempting to fetch resource.
