1703765281170	geckodriver	INFO	Listening on 127.0.0.1:62773
1703765284229	mozrunner::runner	INFO	Running command: "C:\\Users\\Archimedis Digital\\.cache\\selenium\\firefox\\win64\\121.0\\firefox.exe" "--marionette" "--remo ... "--remote-allow-hosts" "localhost" "-no-remote" "-profile" "C:\\Users\\ARCHIM~1\\AppData\\Local\\Temp\\rust_mozprofileHcgzws"
console.warn: services.settings: Ignoring preference override of remote settings server
console.warn: services.settings: Allow by setting MOZ_REMOTE_SETTINGS_DEVTOOLS=1 in the environment
1703765284657	Marionette	INFO	Marionette enabled
Dynamically enable window occlusion 0
1703765284776	Marionette	INFO	Listening on port 62781
WebDriver BiDi listening on ws://127.0.0.1:62774
Read port: 62781
1703765284874	RemoteAgent	WARN	TLS certificate errors will be ignored for this session
DevTools listening on ws://127.0.0.1:62774/devtools/browser/094a39e2-56f4-4c53-bf44-e9156477ee4d
JavaScript error: https://www.globalsqa.com/wp-content/themes/Savia/js/jquery.jqzoom-core.js?ver=6.4.2, line 23: TypeError: $.browser is undefined
JavaScript error: https://www.globalsqa.com/wp-content/themes/Savia/js/jquery.smoothscroll.js?ver=6.4.2, line 430: TypeError: $.browser is undefined
JavaScript error: https://pagead2.googlesyndication.com/pagead/js/adsbygoogle.js, line 89: TagError: adsbygoogle.push() error: Only one 'enable_page_level_ads' allowed per page.
JavaScript warning: https://pagead2.googlesyndication.com/bg/Dtt_-LR3WxpzwV0Gscftq1A_D1owstvxoTnWWhwY4Ow.js line 2 > eval line 6986 > eval line 1 > eval line 1 > eval, line 1: WEBGL_debug_renderer_info is deprecated in Firefox and will be removed. Please use RENDERER.
1703765317011	addons.xpi	ERROR	System addon update list error SyntaxError: XMLHttpRequest.open: 'http://%(server)s/dummy-system-addons.xml' is not a valid URL.
console.log: "RemoteSettingsWorker error: DataError: IndexedDB: records, timestamps execute() Data provided to an operation does not meet requirements."
console.error: (new RemoteSettingsWorkerError("DataError: IndexedDB: records, timestamps execute() Data provided to an operation does not meet requirements.", "resource://services-settings/RemoteSettingsWorker.sys.mjs", 34))
JavaScript warning: https://www.googletagmanager.com/gtag/js?id=G-7X7CX2NTS7&l=dataLayer&cx=c, line 120: Script terminated by timeout at:
Sa@https://www.googletagmanager.com/gtag/js?id=G-7X7CX2NTS7&l=dataLayer&cx=c:120:437
jp@https://www.googletagmanager.com/gtag/js?id=G-7X7CX2NTS7&l=dataLayer&cx=c:347:423
fq@https://www.googletagmanager.com/gtag/js?id=G-7X7CX2NTS7&l=dataLayer&cx=c:350:766
lG/<@https://www.googletagmanager.com/gtag/js?id=G-7X7CX2NTS7&l=dataLayer&cx=c:511:178
aa.Jk/<@https://www.googletagmanager.com/gtag/js?id=G-7X7CX2NTS7&l=dataLayer&cx=c:462:126
aa.Jk/c/<@https://www.googletagmanager.com/gtag/js?id=G-7X7CX2NTS7&l=dataLayer&cx=c:461:420

1703765346564	Marionette	INFO	Stopped listening on port 62781
Dynamically enable window occlusion 1
JavaScript error: , line 0: TypeError: NetworkError when attempting to fetch resource.
JavaScript error: , line 0: TypeError: NetworkError when attempting to fetch resource.
